app/build/intermediates/manifest_merge_blame_file/debug/processDebugMainManifest/manifest-merger-blame-debug-report.txt
1<?xml version="1.0" encoding="utf-8"?>
2<manifest xmlns:android="http://schemas.android.com/apk/res/android"
3    package="com.fitness.pushuptracker"
4    android:versionCode="1"
5    android:versionName="1.0.0" >
6
7    <uses-sdk
8        android:minSdkVersion="24"
9        android:targetSdkVersion="34" />
10
11    <!-- ============================================ -->
12    <!-- PERMISSIONS -->
13    <!-- ============================================ -->
14
15
16    <!-- Camera permission - REQUIRED for pushup tracking -->
17    <uses-permission android:name="android.permission.CAMERA" />
17-->src\main\AndroidManifest.xml:10:5-65
17-->src\main\AndroidManifest.xml:10:22-62
18
19    <!-- ============================================ -->
20    <!-- HARDWARE FEATURES -->
21    <!-- ============================================ -->
22
23
24    <!-- Camera hardware - required -->
25    <uses-feature
25-->src\main\AndroidManifest.xml:17:5-19:35
26        android:name="android.hardware.camera"
26-->src\main\AndroidManifest.xml:18:9-47
27        android:required="true" />
27-->src\main\AndroidManifest.xml:19:9-32
28
29    <!-- Front camera - required for selfie mode -->
30    <uses-feature
30-->src\main\AndroidManifest.xml:22:5-24:36
31        android:name="android.hardware.camera.front"
31-->src\main\AndroidManifest.xml:23:9-53
32        android:required="false" />
32-->src\main\AndroidManifest.xml:24:9-33
33
34    <!-- Back camera - optional -->
35    <uses-feature
35-->src\main\AndroidManifest.xml:27:5-29:36
36        android:name="android.hardware.camera.any"
36-->src\main\AndroidManifest.xml:28:9-51
37        android:required="false" />
37-->src\main\AndroidManifest.xml:29:9-33
38
39    <queries>
39-->[androidx.camera:camera-extensions:1.3.1] AndroidManifest.xml:22:5-26:15
40        <intent>
40-->[androidx.camera:camera-extensions:1.3.1] AndroidManifest.xml:23:9-25:18
41            <action android:name="androidx.camera.extensions.action.VENDOR_ACTION" />
41-->[androidx.camera:camera-extensions:1.3.1] AndroidManifest.xml:24:13-86
41-->[androidx.camera:camera-extensions:1.3.1] AndroidManifest.xml:24:21-83
42        </intent>
43    </queries>
44
45    <permission
45-->[androidx.core:core:1.13.0] AndroidManifest.xml:22:5-24:47
46        android:name="com.fitness.pushuptracker.DYNAMIC_RECEIVER_NOT_EXPORTED_PERMISSION"
46-->[androidx.core:core:1.13.0] AndroidManifest.xml:23:9-81
47        android:protectionLevel="signature" />
47-->[androidx.core:core:1.13.0] AndroidManifest.xml:24:9-44
48
49    <uses-permission android:name="com.fitness.pushuptracker.DYNAMIC_RECEIVER_NOT_EXPORTED_PERMISSION" /> <!-- Although the *SdkVersion is captured in gradle build files, this is required for non gradle builds -->
49-->[androidx.core:core:1.13.0] AndroidManifest.xml:26:5-97
49-->[androidx.core:core:1.13.0] AndroidManifest.xml:26:22-94
50    <!-- <uses-sdk android:minSdkVersion="14"/> -->
51    <uses-permission android:name="android.permission.ACCESS_NETWORK_STATE" />
51-->[com.google.android.datatransport:transport-backend-cct:3.1.0] AndroidManifest.xml:25:5-79
51-->[com.google.android.datatransport:transport-backend-cct:3.1.0] AndroidManifest.xml:25:22-76
52    <uses-permission android:name="android.permission.INTERNET" />
52-->[com.google.android.datatransport:transport-backend-cct:3.1.0] AndroidManifest.xml:26:5-67
52-->[com.google.android.datatransport:transport-backend-cct:3.1.0] AndroidManifest.xml:26:22-64
53
54    <application
54-->src\main\AndroidManifest.xml:31:5-73:19
55        android:allowBackup="true"
55-->src\main\AndroidManifest.xml:32:9-35
56        android:appComponentFactory="androidx.core.app.CoreComponentFactory"
56-->[androidx.core:core:1.13.0] AndroidManifest.xml:28:18-86
57        android:dataExtractionRules="@xml/data_extraction_rules"
57-->src\main\AndroidManifest.xml:33:9-65
58        android:debuggable="true"
59        android:extractNativeLibs="false"
60        android:fullBackupContent="@xml/backup_rules"
60-->src\main\AndroidManifest.xml:34:9-54
61        android:icon="@mipmap/ic_launcher"
61-->src\main\AndroidManifest.xml:35:9-43
62        android:label="@string/app_name"
62-->src\main\AndroidManifest.xml:36:9-41
63        android:roundIcon="@mipmap/ic_launcher_round"
63-->src\main\AndroidManifest.xml:37:9-54
64        android:supportsRtl="true"
64-->src\main\AndroidManifest.xml:38:9-35
65        android:testOnly="true"
66        android:theme="@style/Theme.PushupTracker" >
66-->src\main\AndroidManifest.xml:39:9-51
67
68        <!-- ============================================ -->
69        <!-- MAIN ACTIVITY -->
70        <!-- ============================================ -->
71
72        <activity
72-->src\main\AndroidManifest.xml:46:9-57:20
73            android:name="com.fitness.pushuptracker.MainActivity"
73-->src\main\AndroidManifest.xml:47:13-41
74            android:configChanges="orientation|screenSize|keyboardHidden"
74-->src\main\AndroidManifest.xml:50:13-74
75            android:exported="true"
75-->src\main\AndroidManifest.xml:48:13-36
76            android:screenOrientation="portrait"
76-->src\main\AndroidManifest.xml:49:13-49
77            android:theme="@style/Theme.PushupTracker" >
77-->src\main\AndroidManifest.xml:51:13-55
78            <intent-filter>
78-->src\main\AndroidManifest.xml:53:13-56:29
79                <action android:name="android.intent.action.MAIN" />
79-->src\main\AndroidManifest.xml:54:17-69
79-->src\main\AndroidManifest.xml:54:25-66
80
81                <category android:name="android.intent.category.LAUNCHER" />
81-->src\main\AndroidManifest.xml:55:17-77
81-->src\main\AndroidManifest.xml:55:27-74
82            </intent-filter>
83        </activity>
84
85        <!-- ============================================ -->
86        <!-- FILE PROVIDER (for sharing workout data) -->
87        <!-- ============================================ -->
88
89        <provider
90            android:name="androidx.core.content.FileProvider"
90-->src\main\AndroidManifest.xml:64:13-62
91            android:authorities="com.fitness.pushuptracker.fileprovider"
91-->src\main\AndroidManifest.xml:65:13-64
92            android:exported="false"
92-->src\main\AndroidManifest.xml:66:13-37
93            android:grantUriPermissions="true" >
93-->src\main\AndroidManifest.xml:67:13-47
94            <meta-data
94-->src\main\AndroidManifest.xml:68:13-70:54
95                android:name="android.support.FILE_PROVIDER_PATHS"
95-->src\main\AndroidManifest.xml:69:17-67
96                android:resource="@xml/file_paths" />
96-->src\main\AndroidManifest.xml:70:17-51
97        </provider>
98
99        <activity
99-->[androidx.compose.ui:ui-tooling-android:1.6.1] AndroidManifest.xml:23:9-25:39
100            android:name="androidx.compose.ui.tooling.PreviewActivity"
100-->[androidx.compose.ui:ui-tooling-android:1.6.1] AndroidManifest.xml:24:13-71
101            android:exported="true" />
101-->[androidx.compose.ui:ui-tooling-android:1.6.1] AndroidManifest.xml:25:13-36
102        <activity
102-->[androidx.compose.ui:ui-test-manifest:1.6.1] AndroidManifest.xml:23:9-25:39
103            android:name="androidx.activity.ComponentActivity"
103-->[androidx.compose.ui:ui-test-manifest:1.6.1] AndroidManifest.xml:24:13-63
104            android:exported="true" />
104-->[androidx.compose.ui:ui-test-manifest:1.6.1] AndroidManifest.xml:25:13-36
105
106        <uses-library
106-->[androidx.camera:camera-extensions:1.3.1] AndroidManifest.xml:29:9-31:40
107            android:name="androidx.camera.extensions.impl"
107-->[androidx.camera:camera-extensions:1.3.1] AndroidManifest.xml:30:13-59
108            android:required="false" />
108-->[androidx.camera:camera-extensions:1.3.1] AndroidManifest.xml:31:13-37
109
110        <service
110-->[androidx.camera:camera-camera2:1.3.1] AndroidManifest.xml:24:9-33:19
111            android:name="androidx.camera.core.impl.MetadataHolderService"
111-->[androidx.camera:camera-camera2:1.3.1] AndroidManifest.xml:25:13-75
112            android:enabled="false"
112-->[androidx.camera:camera-camera2:1.3.1] AndroidManifest.xml:26:13-36
113            android:exported="false" >
113-->[androidx.camera:camera-camera2:1.3.1] AndroidManifest.xml:27:13-37
114            <meta-data
114-->[androidx.camera:camera-camera2:1.3.1] AndroidManifest.xml:30:13-32:89
115                android:name="androidx.camera.core.impl.MetadataHolderService.DEFAULT_CONFIG_PROVIDER"
115-->[androidx.camera:camera-camera2:1.3.1] AndroidManifest.xml:31:17-103
116                android:value="androidx.camera.camera2.Camera2Config$DefaultProvider" />
116-->[androidx.camera:camera-camera2:1.3.1] AndroidManifest.xml:32:17-86
117        </service>
118
119        <provider
119-->[androidx.emoji2:emoji2:1.3.0] AndroidManifest.xml:24:9-32:20
120            android:name="androidx.startup.InitializationProvider"
120-->[androidx.emoji2:emoji2:1.3.0] AndroidManifest.xml:25:13-67
121            android:authorities="com.fitness.pushuptracker.androidx-startup"
121-->[androidx.emoji2:emoji2:1.3.0] AndroidManifest.xml:26:13-68
122            android:exported="false" >
122-->[androidx.emoji2:emoji2:1.3.0] AndroidManifest.xml:27:13-37
123            <meta-data
123-->[androidx.emoji2:emoji2:1.3.0] AndroidManifest.xml:29:13-31:52
124                android:name="androidx.emoji2.text.EmojiCompatInitializer"
124-->[androidx.emoji2:emoji2:1.3.0] AndroidManifest.xml:30:17-75
125                android:value="androidx.startup" />
125-->[androidx.emoji2:emoji2:1.3.0] AndroidManifest.xml:31:17-49
126            <meta-data
126-->[androidx.lifecycle:lifecycle-process:2.7.0] AndroidManifest.xml:29:13-31:52
127                android:name="androidx.lifecycle.ProcessLifecycleInitializer"
127-->[androidx.lifecycle:lifecycle-process:2.7.0] AndroidManifest.xml:30:17-78
128                android:value="androidx.startup" />
128-->[androidx.lifecycle:lifecycle-process:2.7.0] AndroidManifest.xml:31:17-49
129            <meta-data
129-->[androidx.profileinstaller:profileinstaller:1.3.1] AndroidManifest.xml:29:13-31:52
130                android:name="androidx.profileinstaller.ProfileInstallerInitializer"
130-->[androidx.profileinstaller:profileinstaller:1.3.1] AndroidManifest.xml:30:17-85
131                android:value="androidx.startup" />
131-->[androidx.profileinstaller:profileinstaller:1.3.1] AndroidManifest.xml:31:17-49
132        </provider>
133
134        <service
134-->[androidx.room:room-runtime:2.6.1] AndroidManifest.xml:24:9-28:63
135            android:name="androidx.room.MultiInstanceInvalidationService"
135-->[androidx.room:room-runtime:2.6.1] AndroidManifest.xml:25:13-74
136            android:directBootAware="true"
136-->[androidx.room:room-runtime:2.6.1] AndroidManifest.xml:26:13-43
137            android:exported="false" />
137-->[androidx.room:room-runtime:2.6.1] AndroidManifest.xml:27:13-37
138
139        <receiver
139-->[androidx.profileinstaller:profileinstaller:1.3.1] AndroidManifest.xml:34:9-52:20
140            android:name="androidx.profileinstaller.ProfileInstallReceiver"
140-->[androidx.profileinstaller:profileinstaller:1.3.1] AndroidManifest.xml:35:13-76
141            android:directBootAware="false"
141-->[androidx.profileinstaller:profileinstaller:1.3.1] AndroidManifest.xml:36:13-44
142            android:enabled="true"
142-->[androidx.profileinstaller:profileinstaller:1.3.1] AndroidManifest.xml:37:13-35
143            android:exported="true"
143-->[androidx.profileinstaller:profileinstaller:1.3.1] AndroidManifest.xml:38:13-36
144            android:permission="android.permission.DUMP" >
144-->[androidx.profileinstaller:profileinstaller:1.3.1] AndroidManifest.xml:39:13-57
145            <intent-filter>
145-->[androidx.profileinstaller:profileinstaller:1.3.1] AndroidManifest.xml:40:13-42:29
146                <action android:name="androidx.profileinstaller.action.INSTALL_PROFILE" />
146-->[androidx.profileinstaller:profileinstaller:1.3.1] AndroidManifest.xml:41:17-91
146-->[androidx.profileinstaller:profileinstaller:1.3.1] AndroidManifest.xml:41:25-88
147            </intent-filter>
148            <intent-filter>
148-->[androidx.profileinstaller:profileinstaller:1.3.1] AndroidManifest.xml:43:13-45:29
149                <action android:name="androidx.profileinstaller.action.SKIP_FILE" />
149-->[androidx.profileinstaller:profileinstaller:1.3.1] AndroidManifest.xml:44:17-85
149-->[androidx.profileinstaller:profileinstaller:1.3.1] AndroidManifest.xml:44:25-82
150            </intent-filter>
151            <intent-filter>
151-->[androidx.profileinstaller:profileinstaller:1.3.1] AndroidManifest.xml:46:13-48:29
152                <action android:name="androidx.profileinstaller.action.SAVE_PROFILE" />
152-->[androidx.profileinstaller:profileinstaller:1.3.1] AndroidManifest.xml:47:17-88
152-->[androidx.profileinstaller:profileinstaller:1.3.1] AndroidManifest.xml:47:25-85
153            </intent-filter>
154            <intent-filter>
154-->[androidx.profileinstaller:profileinstaller:1.3.1] AndroidManifest.xml:49:13-51:29
155                <action android:name="androidx.profileinstaller.action.BENCHMARK_OPERATION" />
155-->[androidx.profileinstaller:profileinstaller:1.3.1] AndroidManifest.xml:50:17-95
155-->[androidx.profileinstaller:profileinstaller:1.3.1] AndroidManifest.xml:50:25-92
156            </intent-filter>
157        </receiver>
158
159        <service
159-->[com.google.android.datatransport:transport-backend-cct:3.1.0] AndroidManifest.xml:29:9-35:19
160            android:name="com.google.android.datatransport.runtime.backends.TransportBackendDiscovery"
160-->[com.google.android.datatransport:transport-backend-cct:3.1.0] AndroidManifest.xml:30:13-103
161            android:exported="false" >
161-->[com.google.android.datatransport:transport-backend-cct:3.1.0] AndroidManifest.xml:31:13-37
162            <meta-data
162-->[com.google.android.datatransport:transport-backend-cct:3.1.0] AndroidManifest.xml:32:13-34:39
163                android:name="backend:com.google.android.datatransport.cct.CctBackendFactory"
163-->[com.google.android.datatransport:transport-backend-cct:3.1.0] AndroidManifest.xml:33:17-94
164                android:value="cct" />
164-->[com.google.android.datatransport:transport-backend-cct:3.1.0] AndroidManifest.xml:34:17-36
165        </service>
166        <service
166-->[com.google.android.datatransport:transport-runtime:3.1.0] AndroidManifest.xml:26:9-30:19
167            android:name="com.google.android.datatransport.runtime.scheduling.jobscheduling.JobInfoSchedulerService"
167-->[com.google.android.datatransport:transport-runtime:3.1.0] AndroidManifest.xml:27:13-117
168            android:exported="false"
168-->[com.google.android.datatransport:transport-runtime:3.1.0] AndroidManifest.xml:28:13-37
169            android:permission="android.permission.BIND_JOB_SERVICE" >
169-->[com.google.android.datatransport:transport-runtime:3.1.0] AndroidManifest.xml:29:13-69
170        </service>
171
172        <receiver
172-->[com.google.android.datatransport:transport-runtime:3.1.0] AndroidManifest.xml:32:9-34:40
173            android:name="com.google.android.datatransport.runtime.scheduling.jobscheduling.AlarmManagerSchedulerBroadcastReceiver"
173-->[com.google.android.datatransport:transport-runtime:3.1.0] AndroidManifest.xml:33:13-132
174            android:exported="false" />
174-->[com.google.android.datatransport:transport-runtime:3.1.0] AndroidManifest.xml:34:13-37
175    </application>
176
177</manifest>